<?xml version="1.0" encoding="UTF-8"?>
<!-- Generated by org.testng.reporters.JUnitReportReporter -->
<testsuite hostname="DESKTOP-ALV7SEF" failures="0" tests="1" name="com.flipkart.tests.PlaceOrder" time="5.514" errors="0" timestamp="2022-05-30T13:45:46 IST" skipped="0">
  <testcase classname="com.flipkart.tests.PlaceOrder" name="loginTest" time="5.514"/>
  <system-out/>
</testsuite> <!-- com.flipkart.tests.PlaceOrder -->
